[2025-08-09T15:16:05.293+0000] {taskinstance.py:1157} INFO - Dependencies all met for dep_context=non-requeueable deps ti=<TaskInstance: sparking_flow.python_job manual__2025-08-09T15:15:57.220318+00:00 [queued]>
[2025-08-09T15:16:05.301+0000] {taskinstance.py:1157} INFO - Dependencies all met for dep_context=requeueable deps ti=<TaskInstance: sparking_flow.python_job manual__2025-08-09T15:15:57.220318+00:00 [queued]>
[2025-08-09T15:16:05.302+0000] {taskinstance.py:1359} INFO - Starting attempt 1 of 1
[2025-08-09T15:16:05.313+0000] {taskinstance.py:1380} INFO - Executing <Task(SparkSubmitOperator): python_job> on 2025-08-09 15:15:57.220318+00:00
[2025-08-09T15:16:05.318+0000] {standard_task_runner.py:57} INFO - Started process 402 to run task
[2025-08-09T15:16:05.322+0000] {standard_task_runner.py:84} INFO - Running: ['***', 'tasks', 'run', 'sparking_flow', 'python_job', 'manual__2025-08-09T15:15:57.220318+00:00', '--job-id', '4', '--raw', '--subdir', 'DAGS_FOLDER/spark_***.py', '--cfg-path', '/tmp/tmpsuhorqoa']
[2025-08-09T15:16:05.325+0000] {standard_task_runner.py:85} INFO - Job 4: Subtask python_job
[2025-08-09T15:16:05.391+0000] {task_command.py:415} INFO - Running <TaskInstance: sparking_flow.python_job manual__2025-08-09T15:15:57.220318+00:00 [running]> on host 2fcf24b6e59b
[2025-08-09T15:16:05.491+0000] {taskinstance.py:1660} INFO - Exporting env vars: AIRFLOW_CTX_DAG_OWNER='Yusuf Ganiyu' AIRFLOW_CTX_DAG_ID='sparking_flow' AIRFLOW_CTX_TASK_ID='python_job' AIRFLOW_CTX_EXECUTION_DATE='2025-08-09T15:15:57.220318+00:00' AIRFLOW_CTX_TRY_NUMBER='1' AIRFLOW_CTX_DAG_RUN_ID='manual__2025-08-09T15:15:57.220318+00:00'
[2025-08-09T15:16:05.508+0000] {base.py:73} INFO - Using connection ID 'spark-conn' for task execution.
[2025-08-09T15:16:05.509+0000] {spark_submit.py:403} INFO - Spark-Submit cmd: spark-submit --master spark://spark-master-1:7077 --name arrow-spark --deploy-mode client jobs/python/wordcountjob.py
[2025-08-09T15:16:05.899+0000] {spark_submit.py:579} INFO - /home/***/.local/lib/python3.10/site-packages/pyspark/bin/spark-class: line 71: /usr/lib/jvm/java-11-openjdk-arm64/bin/java: No such file or directory
[2025-08-09T15:16:05.900+0000] {spark_submit.py:579} INFO - /home/***/.local/lib/python3.10/site-packages/pyspark/bin/spark-class: line 97: CMD: bad array subscript
[2025-08-09T15:16:05.920+0000] {taskinstance.py:1935} ERROR - Task failed with exception
Traceback (most recent call last):
  File "/home/airflow/.local/lib/python3.10/site-packages/airflow/providers/apache/spark/operators/spark_submit.py", line 174, in execute
    self._hook.submit(self.application)
  File "/home/airflow/.local/lib/python3.10/site-packages/airflow/providers/apache/spark/hooks/spark_submit.py", line 505, in submit
    raise AirflowException(
airflow.exceptions.AirflowException: Cannot execute: spark-submit --master spark://spark-master-1:7077 --name arrow-spark --deploy-mode client jobs/python/wordcountjob.py. Error code is: 1.
[2025-08-09T15:16:05.927+0000] {taskinstance.py:1398} INFO - Marking task as FAILED. dag_id=sparking_flow, task_id=python_job, execution_date=20250809T151557, start_date=20250809T151605, end_date=20250809T151605
[2025-08-09T15:16:05.947+0000] {standard_task_runner.py:104} ERROR - Failed to execute job 4 for task python_job (Cannot execute: spark-submit --master spark://spark-master-1:7077 --name arrow-spark --deploy-mode client jobs/python/wordcountjob.py. Error code is: 1.; 402)
[2025-08-09T15:16:05.975+0000] {local_task_job_runner.py:228} INFO - Task exited with return code 1
[2025-08-09T15:16:06.004+0000] {taskinstance.py:2776} INFO - 0 downstream tasks scheduled from follow-on schedule check
