[2025-08-09T15:16:05.345+0000] {taskinstance.py:1157} INFO - Dependencies all met for dep_context=non-requeueable deps ti=<TaskInstance: sparking_flow.python_job scheduled__2025-08-08T00:00:00+00:00 [queued]>
[2025-08-09T15:16:05.353+0000] {taskinstance.py:1157} INFO - Dependencies all met for dep_context=requeueable deps ti=<TaskInstance: sparking_flow.python_job scheduled__2025-08-08T00:00:00+00:00 [queued]>
[2025-08-09T15:16:05.353+0000] {taskinstance.py:1359} INFO - Starting attempt 1 of 1
[2025-08-09T15:16:05.365+0000] {taskinstance.py:1380} INFO - Executing <Task(SparkSubmitOperator): python_job> on 2025-08-08 00:00:00+00:00
[2025-08-09T15:16:05.372+0000] {standard_task_runner.py:57} INFO - Started process 403 to run task
[2025-08-09T15:16:05.375+0000] {standard_task_runner.py:84} INFO - Running: ['***', 'tasks', 'run', 'sparking_flow', 'python_job', 'scheduled__2025-08-08T00:00:00+00:00', '--job-id', '5', '--raw', '--subdir', 'DAGS_FOLDER/spark_***.py', '--cfg-path', '/tmp/tmpqgui96pn']
[2025-08-09T15:16:05.378+0000] {standard_task_runner.py:85} INFO - Job 5: Subtask python_job
[2025-08-09T15:16:05.470+0000] {task_command.py:415} INFO - Running <TaskInstance: sparking_flow.python_job scheduled__2025-08-08T00:00:00+00:00 [running]> on host 2fcf24b6e59b
[2025-08-09T15:16:05.569+0000] {taskinstance.py:1660} INFO - Exporting env vars: AIRFLOW_CTX_DAG_OWNER='Yusuf Ganiyu' AIRFLOW_CTX_DAG_ID='sparking_flow' AIRFLOW_CTX_TASK_ID='python_job' AIRFLOW_CTX_EXECUTION_DATE='2025-08-08T00:00:00+00:00' AIRFLOW_CTX_TRY_NUMBER='1' AIRFLOW_CTX_DAG_RUN_ID='scheduled__2025-08-08T00:00:00+00:00'
[2025-08-09T15:16:05.581+0000] {base.py:73} INFO - Using connection ID 'spark-conn' for task execution.
[2025-08-09T15:16:05.582+0000] {spark_submit.py:403} INFO - Spark-Submit cmd: spark-submit --master spark://spark-master-1:7077 --name arrow-spark --deploy-mode client jobs/python/wordcountjob.py
[2025-08-09T15:16:05.900+0000] {spark_submit.py:579} INFO - /home/***/.local/lib/python3.10/site-packages/pyspark/bin/spark-class: line 71: /usr/lib/jvm/java-11-openjdk-arm64/bin/java: No such file or directory
[2025-08-09T15:16:05.901+0000] {spark_submit.py:579} INFO - /home/***/.local/lib/python3.10/site-packages/pyspark/bin/spark-class: line 97: CMD: bad array subscript
[2025-08-09T15:16:05.922+0000] {taskinstance.py:1935} ERROR - Task failed with exception
Traceback (most recent call last):
  File "/home/airflow/.local/lib/python3.10/site-packages/airflow/providers/apache/spark/operators/spark_submit.py", line 174, in execute
    self._hook.submit(self.application)
  File "/home/airflow/.local/lib/python3.10/site-packages/airflow/providers/apache/spark/hooks/spark_submit.py", line 505, in submit
    raise AirflowException(
airflow.exceptions.AirflowException: Cannot execute: spark-submit --master spark://spark-master-1:7077 --name arrow-spark --deploy-mode client jobs/python/wordcountjob.py. Error code is: 1.
[2025-08-09T15:16:05.927+0000] {taskinstance.py:1398} INFO - Marking task as FAILED. dag_id=sparking_flow, task_id=python_job, execution_date=20250808T000000, start_date=20250809T151605, end_date=20250809T151605
[2025-08-09T15:16:05.945+0000] {standard_task_runner.py:104} ERROR - Failed to execute job 5 for task python_job (Cannot execute: spark-submit --master spark://spark-master-1:7077 --name arrow-spark --deploy-mode client jobs/python/wordcountjob.py. Error code is: 1.; 403)
[2025-08-09T15:16:05.990+0000] {local_task_job_runner.py:228} INFO - Task exited with return code 1
[2025-08-09T15:16:06.018+0000] {taskinstance.py:2776} INFO - 0 downstream tasks scheduled from follow-on schedule check
[2025-08-09T17:54:36.561+0000] {taskinstance.py:1157} INFO - Dependencies all met for dep_context=non-requeueable deps ti=<TaskInstance: sparking_flow.python_job scheduled__2025-08-08T00:00:00+00:00 [queued]>
[2025-08-09T17:54:36.569+0000] {taskinstance.py:1157} INFO - Dependencies all met for dep_context=requeueable deps ti=<TaskInstance: sparking_flow.python_job scheduled__2025-08-08T00:00:00+00:00 [queued]>
[2025-08-09T17:54:36.570+0000] {taskinstance.py:1359} INFO - Starting attempt 1 of 1
[2025-08-09T17:54:36.587+0000] {taskinstance.py:1380} INFO - Executing <Task(SparkSubmitOperator): python_job> on 2025-08-08 00:00:00+00:00
[2025-08-09T17:54:36.597+0000] {standard_task_runner.py:57} INFO - Started process 1193 to run task
[2025-08-09T17:54:36.600+0000] {standard_task_runner.py:84} INFO - Running: ['***', 'tasks', 'run', 'sparking_flow', 'python_job', 'scheduled__2025-08-08T00:00:00+00:00', '--job-id', '5', '--raw', '--subdir', 'DAGS_FOLDER/spark_***.py', '--cfg-path', '/tmp/tmp40v9rswr']
[2025-08-09T17:54:36.603+0000] {standard_task_runner.py:85} INFO - Job 5: Subtask python_job
[2025-08-09T17:54:36.697+0000] {task_command.py:415} INFO - Running <TaskInstance: sparking_flow.python_job scheduled__2025-08-08T00:00:00+00:00 [running]> on host 99e5c3d3e619
[2025-08-09T17:54:36.798+0000] {taskinstance.py:1660} INFO - Exporting env vars: AIRFLOW_CTX_DAG_OWNER='Yusuf Ganiyu' AIRFLOW_CTX_DAG_ID='sparking_flow' AIRFLOW_CTX_TASK_ID='python_job' AIRFLOW_CTX_EXECUTION_DATE='2025-08-08T00:00:00+00:00' AIRFLOW_CTX_TRY_NUMBER='1' AIRFLOW_CTX_DAG_RUN_ID='scheduled__2025-08-08T00:00:00+00:00'
[2025-08-09T17:54:36.811+0000] {base.py:73} INFO - Using connection ID 'spark-conn' for task execution.
[2025-08-09T17:54:36.812+0000] {spark_submit.py:403} INFO - Spark-Submit cmd: spark-submit --master spark://spark-master-1 --name arrow-spark --deploy-mode client jobs/python/wordcountjob.py
[2025-08-09T17:54:37.624+0000] {spark_submit.py:579} INFO - Error: LinkageError occurred while loading main class org.apache.spark.launcher.Main
[2025-08-09T17:54:37.625+0000] {spark_submit.py:579} INFO - java.lang.UnsupportedClassVersionError: org/apache/spark/launcher/Main has been compiled by a more recent version of the Java Runtime (class file version 61.0), this version of the Java Runtime only recognizes class file versions up to 55.0
[2025-08-09T17:54:37.648+0000] {spark_submit.py:579} INFO - /home/***/.local/lib/python3.10/site-packages/pyspark/bin/spark-class: line 97: CMD: bad array subscript
[2025-08-09T17:54:37.665+0000] {taskinstance.py:1935} ERROR - Task failed with exception
Traceback (most recent call last):
  File "/home/airflow/.local/lib/python3.10/site-packages/airflow/providers/apache/spark/operators/spark_submit.py", line 174, in execute
    self._hook.submit(self.application)
  File "/home/airflow/.local/lib/python3.10/site-packages/airflow/providers/apache/spark/hooks/spark_submit.py", line 505, in submit
    raise AirflowException(
airflow.exceptions.AirflowException: Cannot execute: spark-submit --master spark://spark-master-1 --name arrow-spark --deploy-mode client jobs/python/wordcountjob.py. Error code is: 1.
[2025-08-09T17:54:37.668+0000] {taskinstance.py:1398} INFO - Marking task as FAILED. dag_id=sparking_flow, task_id=python_job, execution_date=20250808T000000, start_date=20250809T175436, end_date=20250809T175437
[2025-08-09T17:54:37.714+0000] {standard_task_runner.py:104} ERROR - Failed to execute job 5 for task python_job (Cannot execute: spark-submit --master spark://spark-master-1 --name arrow-spark --deploy-mode client jobs/python/wordcountjob.py. Error code is: 1.; 1193)
[2025-08-09T17:54:37.736+0000] {local_task_job_runner.py:228} INFO - Task exited with return code 1
[2025-08-09T17:54:37.758+0000] {taskinstance.py:2776} INFO - 0 downstream tasks scheduled from follow-on schedule check
